<?xml version="1.0" encoding="UTF-8"?>
<!-- Generated by org.testng.reporters.JUnitXMLReporter -->
<testsuite ignored="1" hostname="LAPTOP-T4UG6R5F" failures="0" tests="3" name="Test" time="138.697" errors="0" timestamp="2022-12-24T16:18:16 IST">
  <testcase classname="com.eduSol.runner.TestNGRunner_extent_reporeter" name="testcase" time="9.465"/>
  <testcase classname="com.eduSol.runner.TestNGRunner_extent_reporeter" name="testcase" time="26.684"/>
  <testcase classname="com.eduSol.runner.TestNGRunner_extent_reporeter" name="testcase" time="0.001">
    <skipped/>
  </testcase> <!-- testcase -->
  <testcase classname="com.eduSol.runner.TestNGRunner_extent_reporeter" name="t2" time="0.0">
    <ignored/>
  </testcase> <!-- t2 -->
</testsuite> <!-- Test -->
