<?xml version="1.0" encoding="UTF-8"?>
<!-- Generated by org.testng.reporters.JUnitXMLReporter -->
<testsuite ignored="1" hostname="LAPTOP-T4UG6R5F" failures="0" tests="3" name="Test" time="58.607" errors="0" timestamp="2022-12-17T17:44:32 IST">
  <testcase classname="com.eduSol.runner.TestNGRunner_extent_reporeter" name="testcase" time="7.613"/>
  <testcase classname="com.eduSol.runner.TestNGRunner_extent_reporeter" name="testcase" time="23.679"/>
  <testcase classname="com.eduSol.runner.TestNGRunner_extent_reporeter" name="testcase" time="0.001">
    <skipped/>
  </testcase> <!-- testcase -->
  <testcase classname="com.eduSol.runner.TestNGRunner_extent_reporeter" name="t2" time="0.0">
    <ignored/>
  </testcase> <!-- t2 -->
</testsuite> <!-- Test -->
