<?xml version="1.0" encoding="UTF-8"?>
<testsuite xmlns:xsi="http://www.w3.org/2001/XMLSchema-instance" xsi:noNamespaceSchemaLocation="https://maven.apache.org/surefire/maven-surefire-plugin/xsd/surefire-test-report-3.0.xsd" version="3.0" name="TestSuite" time="59.941" tests="3" errors="0" skipped="1" failures="0">
  <properties>
[...]
</properties>
  <testcase name="testcase[{User id=Admin, Execute=Yes, TestCaseObjective=Verify Login works fine, AddEmployee=No, FirstName=No, LastName=No, MiddleName=No, EmpiID=No, Test case no=1, Password=admin123}](1)" classname="com.eduSol.runner.TestNGRunner_extent_reporeter" time="7.614">
    <system-out><![CDATA[17-12-2022 05_43
[INFO ] 2022-12-17 17:43:33.885 [main] TestNGRunner_extent_reporeter - Execution has started
1
Verify Login works fine
Yes
Admin
admin123
No
No
No
No
No
2
Verify Add employee works fine
Yes
Admin
admin123
Yes
Sachin
Ramesh
Tendulkar
123
3
Verify Add employee works fine
No
Admin
admin123
Yes
Sourav
test
Ganguly
456
[DEBUG] 2022-12-17 17:43:43.664 [main] TestNGRunner_extent_reporeter - chrome has been launched
=======On Test Start========
[INFO ] 2022-12-17 17:43:43.676 [main] TestNGRunner_extent_reporeter - test has started
17-12-2022 05
[INFO ] 2022-12-17 17:43:51.278 [main] TestNGRunner_extent_reporeter - Soft assertion execution staterd
=======On Test Success========
]]></system-out>
    <system-err><![CDATA[Starting ChromeDriver 108.0.5359.71 (1e0e3868ee06e91ad636a874420e3ca3ae3756ac-refs/branch-heads/5359@{#1016}) on port 61208
Only local connections are allowed.
Please see https://chromedriver.chromium.org/security-considerations for suggestions on keeping ChromeDriver safe.
ChromeDriver was started successfully.
Dec 17, 2022 5:43:37 PM org.openqa.selenium.remote.ProtocolHandshake createSession
INFO: Detected upstream dialect: W3C
Dec 17, 2022 5:43:37 PM org.openqa.selenium.devtools.CdpVersionFinder findNearestMatch
WARNING: Unable to find an exact match for CDP version 108, so returning the closest version found: 104
Dec 17, 2022 5:43:37 PM org.openqa.selenium.devtools.CdpVersionFinder findNearestMatch
INFO: Found CDP implementation for version 108 of 104
]]></system-err>
  </testcase>
  <testcase name="testcase[{User id=Admin, Execute=Yes, TestCaseObjective=Verify Add employee works fine, AddEmployee=Yes, FirstName=Sachin, LastName=Tendulkar, MiddleName=Ramesh, EmpiID=123, Test case no=2, Password=admin123}](2)" classname="com.eduSol.runner.TestNGRunner_extent_reporeter" time="23.681">
    <system-out><![CDATA[[DEBUG] 2022-12-17 17:43:57.814 [main] TestNGRunner_extent_reporeter - chrome has been launched
=======On Test Start========
[INFO ] 2022-12-17 17:43:57.815 [main] TestNGRunner_extent_reporeter - test has started
17-12-2022 05
17-12-2022 05
[INFO ] 2022-12-17 17:44:21.494 [main] TestNGRunner_extent_reporeter - Soft assertion execution staterd
=======On Test Success========
]]></system-out>
    <system-err><![CDATA[Starting ChromeDriver 108.0.5359.71 (1e0e3868ee06e91ad636a874420e3ca3ae3756ac-refs/branch-heads/5359@{#1016}) on port 59790
Only local connections are allowed.
Please see https://chromedriver.chromium.org/security-considerations for suggestions on keeping ChromeDriver safe.
ChromeDriver was started successfully.
Dec 17, 2022 5:43:53 PM org.openqa.selenium.remote.ProtocolHandshake createSession
INFO: Detected upstream dialect: W3C
Dec 17, 2022 5:43:53 PM org.openqa.selenium.devtools.CdpVersionFinder findNearestMatch
WARNING: Unable to find an exact match for CDP version 108, so returning the closest version found: 104
Dec 17, 2022 5:43:53 PM org.openqa.selenium.devtools.CdpVersionFinder findNearestMatch
INFO: Found CDP implementation for version 108 of 104
]]></system-err>
  </testcase>
  <testcase name="testcase[{User id=Admin, Execute=No, TestCaseObjective=Verify Add employee works fine, AddEmployee=Yes, FirstName=Sourav, LastName=Ganguly, MiddleName=test, EmpiID=456, Test case no=3, Password=admin123}](3)" classname="com.eduSol.runner.TestNGRunner_extent_reporeter" time="0">
    <skipped message="Test case not run"/>
    <system-out><![CDATA[[DEBUG] 2022-12-17 17:44:30.850 [main] TestNGRunner_extent_reporeter - chrome has been launched
=======On Test Start========
[INFO ] 2022-12-17 17:44:30.852 [main] TestNGRunner_extent_reporeter - test has started
[ERROR] 2022-12-17 17:44:30.852 [main] TestNGRunner_extent_reporeter - test has been skipped
=======On Test Skipped========
]]></system-out>
    <system-err><![CDATA[Starting ChromeDriver 108.0.5359.71 (1e0e3868ee06e91ad636a874420e3ca3ae3756ac-refs/branch-heads/5359@{#1016}) on port 50624
Only local connections are allowed.
Please see https://chromedriver.chromium.org/security-considerations for suggestions on keeping ChromeDriver safe.
ChromeDriver was started successfully.
Dec 17, 2022 5:44:23 PM org.openqa.selenium.remote.ProtocolHandshake createSession
INFO: Detected upstream dialect: W3C
Dec 17, 2022 5:44:23 PM org.openqa.selenium.devtools.CdpVersionFinder findNearestMatch
WARNING: Unable to find an exact match for CDP version 108, so returning the closest version found: 104
Dec 17, 2022 5:44:23 PM org.openqa.selenium.devtools.CdpVersionFinder findNearestMatch
INFO: Found CDP implementation for version 108 of 104
]]></system-err>
  </testcase>
</testsuite>