<?xml version="1.0" encoding="UTF-8"?>
<testng-results ignored="1" total="4" passed="2" failed="0" skipped="1">
  <reporter-output>
  </reporter-output>
  <suite started-at="2022-12-17T17:43:33 IST" name="Suite" finished-at="2022-12-17T17:44:32 IST" duration-ms="58607">
    <groups>
    </groups>
    <test started-at="2022-12-17T17:43:33 IST" name="Test" finished-at="2022-12-17T17:44:32 IST" duration-ms="58607">
      <class name="com.eduSol.runner.TestNGRunner_extent_reporeter">
        <test-method is-config="true" signature="beforeTest()[pri:0, instance:com.eduSol.runner.TestNGRunner_extent_reporeter@6a988392]" started-at="2022-12-17T17:43:33 IST" name="beforeTest" finished-at="2022-12-17T17:43:33 IST" duration-ms="260" status="PASS">
          <reporter-output>
          </reporter-output>
        </test-method> <!-- beforeTest -->
        <test-method is-config="true" signature="browserSetup()[pri:0, instance:com.eduSol.runner.TestNGRunner_extent_reporeter@6a988392]" started-at="2022-12-17T17:43:34 IST" name="browserSetup" finished-at="2022-12-17T17:43:43 IST" duration-ms="9149" status="PASS">
          <reporter-output>
          </reporter-output>
        </test-method> <!-- browserSetup -->
        <test-method signature="testcase(java.util.Map)[pri:0, instance:com.eduSol.runner.TestNGRunner_extent_reporeter@6a988392]" started-at="2022-12-17T17:43:43 IST" name="testcase" data-provider="dp" finished-at="2022-12-17T17:43:51 IST" duration-ms="7613" status="PASS">
          <params>
            <param index="0">
              <value>
                <![CDATA[{User id=Admin, Execute=Yes, TestCaseObjective=Verify Login works fine, AddEmployee=No, FirstName=No, LastName=No, MiddleName=No, EmpiID=No, Test case no=1, Password=admin123}]]>
              </value>
            </param>
          </params>
          <reporter-output>
          </reporter-output>
        </test-method> <!-- testcase -->
        <test-method is-config="true" signature="tearDown()[pri:0, instance:com.eduSol.runner.TestNGRunner_extent_reporeter@6a988392]" started-at="2022-12-17T17:43:51 IST" name="tearDown" finished-at="2022-12-17T17:43:51 IST" duration-ms="695" status="PASS">
          <reporter-output>
          </reporter-output>
        </test-method> <!-- tearDown -->
        <test-method is-config="true" signature="browserSetup()[pri:0, instance:com.eduSol.runner.TestNGRunner_extent_reporeter@6a988392]" started-at="2022-12-17T17:43:51 IST" name="browserSetup" finished-at="2022-12-17T17:43:57 IST" duration-ms="5837" status="PASS">
          <reporter-output>
          </reporter-output>
        </test-method> <!-- browserSetup -->
        <test-method signature="testcase(java.util.Map)[pri:0, instance:com.eduSol.runner.TestNGRunner_extent_reporeter@6a988392]" started-at="2022-12-17T17:43:57 IST" name="testcase" data-provider="dp" finished-at="2022-12-17T17:44:21 IST" duration-ms="23679" status="PASS">
          <params>
            <param index="0">
              <value>
                <![CDATA[{User id=Admin, Execute=Yes, TestCaseObjective=Verify Add employee works fine, AddEmployee=Yes, FirstName=Sachin, LastName=Tendulkar, MiddleName=Ramesh, EmpiID=123, Test case no=2, Password=admin123}]]>
              </value>
            </param>
          </params>
          <reporter-output>
          </reporter-output>
        </test-method> <!-- testcase -->
        <test-method is-config="true" signature="tearDown()[pri:0, instance:com.eduSol.runner.TestNGRunner_extent_reporeter@6a988392]" started-at="2022-12-17T17:44:21 IST" name="tearDown" finished-at="2022-12-17T17:44:22 IST" duration-ms="1161" status="PASS">
          <reporter-output>
          </reporter-output>
        </test-method> <!-- tearDown -->
        <test-method is-config="true" signature="browserSetup()[pri:0, instance:com.eduSol.runner.TestNGRunner_extent_reporeter@6a988392]" started-at="2022-12-17T17:44:22 IST" name="browserSetup" finished-at="2022-12-17T17:44:30 IST" duration-ms="8194" status="PASS">
          <reporter-output>
          </reporter-output>
        </test-method> <!-- browserSetup -->
        <test-method signature="testcase(java.util.Map)[pri:0, instance:com.eduSol.runner.TestNGRunner_extent_reporeter@6a988392]" started-at="2022-12-17T17:44:30 IST" name="testcase" data-provider="dp" finished-at="2022-12-17T17:44:30 IST" duration-ms="1" status="SKIP">
          <params>
            <param index="0">
              <value>
                <![CDATA[{User id=Admin, Execute=No, TestCaseObjective=Verify Add employee works fine, AddEmployee=Yes, FirstName=Sourav, LastName=Ganguly, MiddleName=test, EmpiID=456, Test case no=3, Password=admin123}]]>
              </value>
            </param>
          </params>
          <exception class="org.testng.SkipException">
            <message>
              <![CDATA[Test case not run]]>
            </message>
            <full-stacktrace>
              <![CDATA[org.testng.SkipException: Test case not run
at com.eduSol.runner.TestNGRunner_extent_reporeter.testcase(TestNGRunner_extent_reporeter.java:81)
at java.base/jdk.internal.reflect.NativeMethodAccessorImpl.invoke0(Native Method)
at java.base/jdk.internal.reflect.NativeMethodAccessorImpl.invoke(NativeMethodAccessorImpl.java:62)
at java.base/jdk.internal.reflect.DelegatingMethodAccessorImpl.invoke(DelegatingMethodAccessorImpl.java:43)
at java.base/java.lang.reflect.Method.invoke(Method.java:566)
at org.testng.internal.invokers.MethodInvocationHelper.invokeMethod(MethodInvocationHelper.java:139)
at org.testng.internal.invokers.TestInvoker.invokeMethod(TestInvoker.java:677)
at org.testng.internal.invokers.TestInvoker.invokeTestMethod(TestInvoker.java:221)
at org.testng.internal.invokers.MethodRunner.runInSequence(MethodRunner.java:50)
at org.testng.internal.invokers.TestInvoker$MethodInvocationAgent.invoke(TestInvoker.java:962)
at org.testng.internal.invokers.TestInvoker.invokeTestMethods(TestInvoker.java:194)
at org.testng.internal.invokers.TestMethodWorker.invokeTestMethods(TestMethodWorker.java:148)
at org.testng.internal.invokers.TestMethodWorker.run(TestMethodWorker.java:128)
at java.base/java.util.ArrayList.forEach(ArrayList.java:1541)
at org.testng.TestRunner.privateRun(TestRunner.java:806)
at org.testng.TestRunner.run(TestRunner.java:601)
at org.testng.SuiteRunner.runTest(SuiteRunner.java:433)
at org.testng.SuiteRunner.runSequentially(SuiteRunner.java:427)
at org.testng.SuiteRunner.privateRun(SuiteRunner.java:387)
at org.testng.SuiteRunner.run(SuiteRunner.java:330)
at org.testng.SuiteRunnerWorker.runSuite(SuiteRunnerWorker.java:52)
at org.testng.SuiteRunnerWorker.run(SuiteRunnerWorker.java:95)
at org.testng.TestNG.runSuitesSequentially(TestNG.java:1256)
at org.testng.TestNG.runSuitesLocally(TestNG.java:1176)
at org.testng.TestNG.runSuites(TestNG.java:1099)
at org.testng.TestNG.run(TestNG.java:1067)
at org.apache.maven.surefire.testng.TestNGExecutor.run(TestNGExecutor.java:324)
at org.apache.maven.surefire.testng.TestNGXmlTestSuite.execute(TestNGXmlTestSuite.java:74)
at org.apache.maven.surefire.testng.TestNGProvider.invoke(TestNGProvider.java:123)
at org.apache.maven.surefire.booter.ForkedBooter.runSuitesInProcess(ForkedBooter.java:456)
at org.apache.maven.surefire.booter.ForkedBooter.execute(ForkedBooter.java:169)
at org.apache.maven.surefire.booter.ForkedBooter.run(ForkedBooter.java:595)
at org.apache.maven.surefire.booter.ForkedBooter.main(ForkedBooter.java:581)
]]>
            </full-stacktrace>
          </exception> <!-- org.testng.SkipException -->
          <reporter-output>
          </reporter-output>
        </test-method> <!-- testcase -->
        <test-method is-config="true" signature="tearDown()[pri:0, instance:com.eduSol.runner.TestNGRunner_extent_reporeter@6a988392]" started-at="2022-12-17T17:44:30 IST" name="tearDown" finished-at="2022-12-17T17:44:31 IST" duration-ms="666" status="PASS">
          <reporter-output>
          </reporter-output>
        </test-method> <!-- tearDown -->
        <test-method is-config="true" signature="afterTest()[pri:0, instance:com.eduSol.runner.TestNGRunner_extent_reporeter@6a988392]" started-at="2022-12-17T17:44:31 IST" name="afterTest" finished-at="2022-12-17T17:44:32 IST" duration-ms="699" status="PASS">
          <reporter-output>
          </reporter-output>
        </test-method> <!-- afterTest -->
      </class> <!-- com.eduSol.runner.TestNGRunner_extent_reporeter -->
    </test> <!-- Test -->
  </suite> <!-- Suite -->
</testng-results>
